2024-08-06 19:03:25,382 - datasets - INFO - PyTorch version 2.1.0 available.
2024-08-06 19:03:25,383 - datasets - INFO - TensorFlow version 2.17.0 available.
2024-08-06 19:03:33,489 - mamba_trainer.trainer - INFO - Gradient Norm at step 1: 1.6037850027941154
2024-08-06 19:03:33,490 - mamba_trainer.trainer - INFO - Training Loss at step 1: 3.0557
2024-08-06 19:03:45,640 - mamba_trainer.trainer - INFO - Validation Loss at step 1: 2.8622794151306152
2024-08-06 19:03:46,141 - mamba_trainer.trainer - INFO - Gradient Norm at step 1: 2.0376920530020683
2024-08-06 19:03:46,141 - mamba_trainer.trainer - INFO - Training Loss at step 1: 3.0446
2024-08-06 19:03:57,439 - mamba_trainer.trainer - INFO - Validation Loss at step 1: 2.8622794151306152
2024-08-06 19:03:57,872 - mamba_trainer.trainer - INFO - Gradient Norm at step 1: 2.603625393394825
2024-08-06 19:03:57,873 - mamba_trainer.trainer - INFO - Training Loss at step 1: 2.8212
2024-08-06 19:04:09,773 - mamba_trainer.trainer - INFO - Validation Loss at step 1: 2.8622794151306152
2024-08-06 19:04:10,315 - mamba_trainer.trainer - INFO - Gradient Norm at step 1: 2.9775126749537075
2024-08-06 19:04:10,315 - mamba_trainer.trainer - INFO - Training Loss at step 1: 2.9682
2024-08-06 19:04:21,969 - mamba_trainer.trainer - INFO - Validation Loss at step 1: 2.8622794151306152
2024-08-06 19:04:22,712 - mamba_trainer.trainer - INFO - Gradient Norm at step 1: 2.2883666084901644
2024-08-06 19:04:22,713 - mamba_trainer.trainer - INFO - Training Loss at step 1: 2.6373
2024-08-06 19:04:34,315 - mamba_trainer.trainer - INFO - Validation Loss at step 1: 2.8622794151306152
2024-08-06 19:04:34,799 - mamba_trainer.trainer - INFO - Gradient Norm at step 1: 3.2528062625506933
2024-08-06 19:04:34,800 - mamba_trainer.trainer - INFO - Training Loss at step 1: 2.8819
2024-08-06 19:04:46,571 - mamba_trainer.trainer - INFO - Validation Loss at step 1: 2.8622794151306152
2024-08-06 19:04:47,079 - mamba_trainer.trainer - INFO - Gradient Norm at step 1: 3.2536666498966733
2024-08-06 19:04:47,080 - mamba_trainer.trainer - INFO - Training Loss at step 1: 2.8912
2024-08-06 19:04:58,641 - mamba_trainer.trainer - INFO - Validation Loss at step 1: 2.8622794151306152
2024-08-06 19:04:59,423 - mamba_trainer.trainer - INFO - Gradient Norm at step 1: 3.8982531890897185
2024-08-06 19:04:59,423 - mamba_trainer.trainer - INFO - Training Loss at step 1: 2.9252
2024-08-06 19:05:11,236 - mamba_trainer.trainer - INFO - Validation Loss at step 1: 2.8622794151306152
2024-08-06 19:05:11,991 - mamba_trainer.trainer - INFO - Gradient Norm at step 1: 3.5456915727429505
2024-08-06 19:05:11,992 - mamba_trainer.trainer - INFO - Training Loss at step 1: 2.7477
2024-08-06 19:05:23,718 - mamba_trainer.trainer - INFO - Validation Loss at step 1: 2.8622794151306152
2024-08-06 19:05:24,238 - mamba_trainer.trainer - INFO - Gradient Norm at step 1: 4.278888918573512
2024-08-06 19:05:24,239 - mamba_trainer.trainer - INFO - Training Loss at step 1: 3.0849
2024-08-06 19:05:35,830 - mamba_trainer.trainer - INFO - Validation Loss at step 1: 2.8622794151306152
2024-08-06 19:05:36,452 - mamba_trainer.trainer - INFO - Gradient Norm at step 1: 3.6273290724933402
2024-08-06 19:05:36,452 - mamba_trainer.trainer - INFO - Training Loss at step 1: 2.8605
2024-08-06 19:05:47,940 - mamba_trainer.trainer - INFO - Validation Loss at step 1: 2.8622794151306152
2024-08-06 19:05:48,393 - mamba_trainer.trainer - INFO - Gradient Norm at step 1: 4.198226823804035
2024-08-06 19:05:48,393 - mamba_trainer.trainer - INFO - Training Loss at step 1: 2.6499
2024-08-06 19:06:00,536 - mamba_trainer.trainer - INFO - Validation Loss at step 1: 2.8622794151306152
2024-08-06 19:06:01,070 - mamba_trainer.trainer - INFO - Gradient Norm at step 1: 3.4059630147483198
2024-08-06 19:06:01,071 - mamba_trainer.trainer - INFO - Training Loss at step 1: 2.6583
2024-08-06 19:06:12,615 - mamba_trainer.trainer - INFO - Validation Loss at step 1: 2.8622794151306152
2024-08-06 19:06:13,228 - mamba_trainer.trainer - INFO - Gradient Norm at step 1: 5.480336496663378
2024-08-06 19:06:13,228 - mamba_trainer.trainer - INFO - Training Loss at step 1: 2.8464
2024-08-06 19:06:25,308 - mamba_trainer.trainer - INFO - Validation Loss at step 1: 2.8622794151306152
2024-08-06 19:06:26,331 - mamba_trainer.trainer - INFO - Gradient Norm at step 1: 4.647032765169632
2024-08-06 19:06:26,332 - mamba_trainer.trainer - INFO - Training Loss at step 1: 2.7567
2024-08-06 19:06:38,059 - mamba_trainer.trainer - INFO - Validation Loss at step 1: 2.8622794151306152
2024-08-06 19:06:38,793 - mamba_trainer.trainer - INFO - Gradient Norm at step 1: 4.864852818287027
2024-08-06 19:06:38,794 - mamba_trainer.trainer - INFO - Training Loss at step 1: 2.9135
2024-08-06 19:06:50,453 - mamba_trainer.trainer - INFO - Validation Loss at step 1: 2.8622794151306152
2024-08-06 19:06:51,283 - mamba_trainer.trainer - INFO - Gradient Norm at step 1: 5.188392775409414
2024-08-06 19:06:51,283 - mamba_trainer.trainer - INFO - Training Loss at step 1: 2.6891
2024-08-06 19:07:03,379 - mamba_trainer.trainer - INFO - Validation Loss at step 1: 2.8622794151306152
2024-08-06 19:07:04,118 - mamba_trainer.trainer - INFO - Gradient Norm at step 1: 4.824858142538784
2024-08-06 19:07:04,119 - mamba_trainer.trainer - INFO - Training Loss at step 1: 2.667
2024-08-06 19:07:15,929 - mamba_trainer.trainer - INFO - Validation Loss at step 1: 2.8622794151306152
2024-08-06 19:07:16,721 - mamba_trainer.trainer - INFO - Gradient Norm at step 1: 4.716463796639006
2024-08-06 19:07:16,722 - mamba_trainer.trainer - INFO - Training Loss at step 1: 2.5026
2024-08-06 19:07:28,729 - mamba_trainer.trainer - INFO - Validation Loss at step 1: 2.8622794151306152
2024-08-06 19:07:29,451 - mamba_trainer.trainer - INFO - Gradient Norm at step 1: 6.864358556818498
2024-08-06 19:07:29,451 - mamba_trainer.trainer - INFO - Training Loss at step 1: 2.8202
2024-08-06 19:07:42,058 - mamba_trainer.trainer - INFO - Validation Loss at step 1: 2.8622794151306152
2024-08-06 19:07:43,074 - mamba_trainer.trainer - INFO - Gradient Norm at step 1: 5.150352062411392
2024-08-06 19:07:43,075 - mamba_trainer.trainer - INFO - Training Loss at step 1: 3.0562
2024-08-06 19:07:55,153 - mamba_trainer.trainer - INFO - Validation Loss at step 1: 2.8622794151306152
2024-08-06 19:07:55,931 - mamba_trainer.trainer - INFO - Gradient Norm at step 1: 7.0178038914819405
2024-08-06 19:07:55,932 - mamba_trainer.trainer - INFO - Training Loss at step 1: 2.943
2024-08-06 19:08:08,067 - mamba_trainer.trainer - INFO - Validation Loss at step 1: 2.8622794151306152
2024-08-06 19:08:08,488 - mamba_trainer.trainer - INFO - Gradient Norm at step 1: 5.581487583871786
2024-08-06 19:08:08,489 - mamba_trainer.trainer - INFO - Training Loss at step 1: 2.9082
2024-08-06 19:08:21,205 - mamba_trainer.trainer - INFO - Validation Loss at step 1: 2.8622794151306152
2024-08-06 19:08:21,656 - mamba_trainer.trainer - INFO - Gradient Norm at step 1: 5.208000810399686
2024-08-06 19:08:21,657 - mamba_trainer.trainer - INFO - Training Loss at step 1: 2.6936
2024-08-06 19:08:33,394 - mamba_trainer.trainer - INFO - Validation Loss at step 1: 2.8622794151306152
2024-08-06 19:08:33,833 - mamba_trainer.trainer - INFO - Gradient Norm at step 1: 8.05831523810245
2024-08-06 19:08:33,833 - mamba_trainer.trainer - INFO - Training Loss at step 1: 3.0042
2024-08-06 19:08:45,999 - mamba_trainer.trainer - INFO - Validation Loss at step 1: 2.8622794151306152
2024-08-06 19:08:46,733 - mamba_trainer.trainer - INFO - Gradient Norm at step 1: 4.062632306541355
2024-08-06 19:08:46,733 - mamba_trainer.trainer - INFO - Training Loss at step 1: 2.4647
2024-08-06 19:08:58,420 - mamba_trainer.trainer - INFO - Validation Loss at step 1: 2.8622794151306152
2024-08-06 19:08:59,220 - mamba_trainer.trainer - INFO - Gradient Norm at step 1: 7.070761061740716
2024-08-06 19:08:59,220 - mamba_trainer.trainer - INFO - Training Loss at step 1: 2.9456
2024-08-06 19:09:11,810 - mamba_trainer.trainer - INFO - Validation Loss at step 1: 2.8622794151306152
2024-08-06 19:09:12,392 - mamba_trainer.trainer - INFO - Gradient Norm at step 1: 6.078261962977423
2024-08-06 19:09:12,392 - mamba_trainer.trainer - INFO - Training Loss at step 1: 2.8594
2024-08-06 19:09:24,103 - mamba_trainer.trainer - INFO - Validation Loss at step 1: 2.8622794151306152
2024-08-06 19:09:24,512 - mamba_trainer.trainer - INFO - Gradient Norm at step 1: 7.0949396149031285
2024-08-06 19:09:24,513 - mamba_trainer.trainer - INFO - Training Loss at step 1: 2.9835
2024-08-06 19:09:36,021 - mamba_trainer.trainer - INFO - Validation Loss at step 1: 2.8622794151306152
2024-08-06 19:09:36,473 - mamba_trainer.trainer - INFO - Gradient Norm at step 1: 7.099974227018237
2024-08-06 19:09:36,473 - mamba_trainer.trainer - INFO - Training Loss at step 1: 2.6445
2024-08-06 19:09:48,106 - mamba_trainer.trainer - INFO - Validation Loss at step 1: 2.8622794151306152
2024-08-06 19:09:48,535 - mamba_trainer.trainer - INFO - Gradient Norm at step 1: 4.7062252111994125
2024-08-06 19:09:48,535 - mamba_trainer.trainer - INFO - Training Loss at step 1: 2.6027
2024-08-06 19:10:00,036 - mamba_trainer.trainer - INFO - Validation Loss at step 1: 2.8622794151306152
2024-08-06 19:10:00,552 - mamba_trainer.trainer - INFO - Gradient Norm at step 1: 8.620761847078414
2024-08-06 19:10:00,553 - mamba_trainer.trainer - INFO - Training Loss at step 1: 2.9361
2024-08-06 19:10:12,194 - mamba_trainer.trainer - INFO - Validation Loss at step 1: 2.8622794151306152
2024-08-06 19:10:12,641 - mamba_trainer.trainer - INFO - Gradient Norm at step 1: 5.81537239922861
2024-08-06 19:10:12,642 - mamba_trainer.trainer - INFO - Training Loss at step 1: 2.81
2024-08-06 19:10:24,158 - mamba_trainer.trainer - INFO - Validation Loss at step 1: 2.8622794151306152
2024-08-06 19:10:24,638 - mamba_trainer.trainer - INFO - Gradient Norm at step 1: 9.5050108475923
2024-08-06 19:10:24,639 - mamba_trainer.trainer - INFO - Training Loss at step 1: 2.9969
2024-08-06 19:10:36,119 - mamba_trainer.trainer - INFO - Validation Loss at step 1: 2.8622794151306152
2024-08-06 19:10:36,632 - mamba_trainer.trainer - INFO - Gradient Norm at step 1: 7.281320628931341
2024-08-06 19:10:36,632 - mamba_trainer.trainer - INFO - Training Loss at step 1: 2.9499
2024-08-06 19:10:48,462 - mamba_trainer.trainer - INFO - Validation Loss at step 1: 2.8622794151306152
2024-08-06 19:10:48,966 - mamba_trainer.trainer - INFO - Gradient Norm at step 1: 7.241188446224492
2024-08-06 19:10:48,967 - mamba_trainer.trainer - INFO - Training Loss at step 1: 2.7302
2024-08-06 19:11:00,749 - mamba_trainer.trainer - INFO - Validation Loss at step 1: 2.8622794151306152
2024-08-06 19:11:01,299 - mamba_trainer.trainer - INFO - Gradient Norm at step 1: 8.149585752889138
2024-08-06 19:11:01,300 - mamba_trainer.trainer - INFO - Training Loss at step 1: 3.0914
2024-08-06 19:11:12,632 - mamba_trainer.trainer - INFO - Validation Loss at step 1: 2.8622794151306152
2024-08-06 19:11:13,174 - mamba_trainer.trainer - INFO - Gradient Norm at step 1: 6.926690652368006
2024-08-06 19:11:13,174 - mamba_trainer.trainer - INFO - Training Loss at step 1: 2.7896
2024-08-06 19:11:24,550 - mamba_trainer.trainer - INFO - Validation Loss at step 1: 2.8622794151306152
2024-08-06 19:11:25,076 - mamba_trainer.trainer - INFO - Gradient Norm at step 1: 7.085248381529144
2024-08-06 19:11:25,077 - mamba_trainer.trainer - INFO - Training Loss at step 1: 2.9511
2024-08-06 19:11:36,534 - mamba_trainer.trainer - INFO - Validation Loss at step 1: 2.8622794151306152
2024-08-06 19:11:37,045 - mamba_trainer.trainer - INFO - Gradient Norm at step 1: 10.493569394163343
2024-08-06 19:11:37,045 - mamba_trainer.trainer - INFO - Training Loss at step 1: 3.252
2024-08-06 19:11:48,500 - mamba_trainer.trainer - INFO - Validation Loss at step 1: 2.8622794151306152
2024-08-06 19:11:48,987 - mamba_trainer.trainer - INFO - Gradient Norm at step 1: 8.552021276499918
2024-08-06 19:11:48,988 - mamba_trainer.trainer - INFO - Training Loss at step 1: 2.78
2024-08-06 19:12:00,453 - mamba_trainer.trainer - INFO - Validation Loss at step 1: 2.8622794151306152
2024-08-06 19:12:01,094 - mamba_trainer.trainer - INFO - Gradient Norm at step 1: 9.617002264403116
2024-08-06 19:12:01,094 - mamba_trainer.trainer - INFO - Training Loss at step 1: 3.1408
2024-08-06 19:12:12,775 - mamba_trainer.trainer - INFO - Validation Loss at step 1: 2.8622794151306152
2024-08-06 19:12:13,747 - mamba_trainer.trainer - INFO - Gradient Norm at step 1: 7.792307081226024
2024-08-06 19:12:13,748 - mamba_trainer.trainer - INFO - Training Loss at step 1: 2.6908
2024-08-06 19:12:25,817 - mamba_trainer.trainer - INFO - Validation Loss at step 1: 2.8622794151306152
2024-08-06 19:12:26,348 - mamba_trainer.trainer - INFO - Gradient Norm at step 1: 12.475885674689522
2024-08-06 19:12:26,348 - mamba_trainer.trainer - INFO - Training Loss at step 1: 3.2623
2024-08-06 19:12:37,884 - mamba_trainer.trainer - INFO - Validation Loss at step 1: 2.8622794151306152
2024-08-06 19:12:38,508 - mamba_trainer.trainer - INFO - Gradient Norm at step 1: 10.001320528180123
2024-08-06 19:12:38,509 - mamba_trainer.trainer - INFO - Training Loss at step 1: 2.9754
2024-08-06 19:12:49,966 - mamba_trainer.trainer - INFO - Validation Loss at step 1: 2.8622794151306152
2024-08-06 19:12:50,582 - mamba_trainer.trainer - INFO - Gradient Norm at step 1: 6.3288533108188565
2024-08-06 19:12:50,582 - mamba_trainer.trainer - INFO - Training Loss at step 1: 2.5499
2024-08-06 19:13:02,567 - mamba_trainer.trainer - INFO - Validation Loss at step 1: 2.8622794151306152
2024-08-06 19:13:03,328 - mamba_trainer.trainer - INFO - Gradient Norm at step 1: 7.088040877051307
2024-08-06 19:13:03,328 - mamba_trainer.trainer - INFO - Training Loss at step 1: 2.7255
2024-08-06 19:13:14,971 - mamba_trainer.trainer - INFO - Validation Loss at step 1: 2.8622794151306152
2024-08-06 19:13:15,763 - mamba_trainer.trainer - INFO - Gradient Norm at step 1: 10.995172470129226
2024-08-06 19:13:15,764 - mamba_trainer.trainer - INFO - Training Loss at step 1: 3.0128
2024-08-06 19:13:27,547 - mamba_trainer.trainer - INFO - Validation Loss at step 1: 2.8622794151306152
2024-08-06 19:13:28,315 - mamba_trainer.trainer - INFO - Gradient Norm at step 1: 10.287330528726734
2024-08-06 19:13:28,316 - mamba_trainer.trainer - INFO - Training Loss at step 1: 3.2809
2024-08-06 19:13:40,048 - mamba_trainer.trainer - INFO - Validation Loss at step 1: 2.8622794151306152
2024-08-06 19:13:40,886 - mamba_trainer.trainer - INFO - Gradient Norm at step 1: 9.996627946411413
2024-08-06 19:13:40,887 - mamba_trainer.trainer - INFO - Training Loss at step 1: 2.7912
2024-08-06 19:13:52,390 - mamba_trainer.trainer - INFO - Validation Loss at step 1: 2.8622794151306152
2024-08-06 19:13:53,107 - mamba_trainer.trainer - INFO - Gradient Norm at step 1: 11.870847001386771
2024-08-06 19:13:53,107 - mamba_trainer.trainer - INFO - Training Loss at step 1: 3.1039
2024-08-06 19:14:04,679 - mamba_trainer.trainer - INFO - Validation Loss at step 1: 2.8622794151306152
2024-08-06 19:14:05,478 - mamba_trainer.trainer - INFO - Gradient Norm at step 1: 8.051968681792676
2024-08-06 19:14:05,479 - mamba_trainer.trainer - INFO - Training Loss at step 1: 2.7346
2024-08-06 19:14:17,362 - mamba_trainer.trainer - INFO - Validation Loss at step 1: 2.8622794151306152
2024-08-06 19:14:18,077 - mamba_trainer.trainer - INFO - Gradient Norm at step 1: 8.092725953740219
2024-08-06 19:14:18,077 - mamba_trainer.trainer - INFO - Training Loss at step 1: 2.7651
2024-08-06 19:14:29,719 - mamba_trainer.trainer - INFO - Validation Loss at step 1: 2.8622794151306152
2024-08-06 19:14:30,619 - mamba_trainer.trainer - INFO - Gradient Norm at step 1: 10.310126040479922
2024-08-06 19:14:30,620 - mamba_trainer.trainer - INFO - Training Loss at step 1: 2.9723
2024-08-06 19:14:42,373 - mamba_trainer.trainer - INFO - Validation Loss at step 1: 2.8622794151306152
2024-08-06 19:14:43,366 - mamba_trainer.trainer - INFO - Gradient Norm at step 1: 8.078779873199897
2024-08-06 19:14:43,367 - mamba_trainer.trainer - INFO - Training Loss at step 1: 2.923
2024-08-06 19:14:54,855 - mamba_trainer.trainer - INFO - Validation Loss at step 1: 2.8622794151306152
2024-08-06 19:14:55,730 - mamba_trainer.trainer - INFO - Gradient Norm at step 1: 8.459600411186116
2024-08-06 19:14:55,731 - mamba_trainer.trainer - INFO - Training Loss at step 1: 2.7578
2024-08-06 19:15:07,249 - mamba_trainer.trainer - INFO - Validation Loss at step 1: 2.8622794151306152
2024-08-06 19:15:08,299 - mamba_trainer.trainer - INFO - Gradient Norm at step 1: 10.59555917947707
2024-08-06 19:15:08,299 - mamba_trainer.trainer - INFO - Training Loss at step 1: 2.942
2024-08-06 19:15:19,796 - mamba_trainer.trainer - INFO - Validation Loss at step 1: 2.8622794151306152
2024-08-06 19:15:20,595 - mamba_trainer.trainer - INFO - Gradient Norm at step 1: 6.913334064480477
2024-08-06 19:15:20,595 - mamba_trainer.trainer - INFO - Training Loss at step 1: 2.5866
2024-08-06 19:15:32,152 - mamba_trainer.trainer - INFO - Validation Loss at step 1: 2.8622794151306152
2024-08-06 19:15:33,037 - mamba_trainer.trainer - INFO - Gradient Norm at step 1: 12.992451691138854
2024-08-06 19:15:33,038 - mamba_trainer.trainer - INFO - Training Loss at step 1: 3.1804
2024-08-06 19:15:44,635 - mamba_trainer.trainer - INFO - Validation Loss at step 1: 2.8622794151306152
2024-08-06 19:15:45,464 - mamba_trainer.trainer - INFO - Gradient Norm at step 1: 10.455751016009772
2024-08-06 19:15:45,464 - mamba_trainer.trainer - INFO - Training Loss at step 1: 2.7414
2024-08-06 19:15:57,089 - mamba_trainer.trainer - INFO - Validation Loss at step 1: 2.8622794151306152
2024-08-06 19:15:57,850 - mamba_trainer.trainer - INFO - Gradient Norm at step 1: 9.044323237199853
2024-08-06 19:15:57,850 - mamba_trainer.trainer - INFO - Training Loss at step 1: 2.8969
2024-08-06 19:16:09,388 - mamba_trainer.trainer - INFO - Validation Loss at step 1: 2.8622794151306152
2024-08-06 19:16:10,214 - mamba_trainer.trainer - INFO - Gradient Norm at step 1: 11.92330440207299
2024-08-06 19:16:10,214 - mamba_trainer.trainer - INFO - Training Loss at step 1: 3.3749
2024-08-06 19:16:21,762 - mamba_trainer.trainer - INFO - Validation Loss at step 1: 2.8622794151306152
2024-08-06 19:16:22,443 - mamba_trainer.trainer - INFO - Gradient Norm at step 1: 10.665806159661612
2024-08-06 19:16:22,443 - mamba_trainer.trainer - INFO - Training Loss at step 1: 2.8828
2024-08-06 19:16:33,963 - mamba_trainer.trainer - INFO - Validation Loss at step 1: 2.8622794151306152
2024-08-06 19:16:34,563 - mamba_trainer.trainer - INFO - Gradient Norm at step 1: 9.1360321107033
2024-08-06 19:16:34,563 - mamba_trainer.trainer - INFO - Training Loss at step 1: 2.6856
2024-08-06 19:16:46,087 - mamba_trainer.trainer - INFO - Validation Loss at step 1: 2.8622794151306152
2024-08-06 19:16:46,699 - mamba_trainer.trainer - INFO - Gradient Norm at step 1: 8.751151037764203
2024-08-06 19:16:46,700 - mamba_trainer.trainer - INFO - Training Loss at step 1: 2.7739
